\BOOKMARK [0][-]{section*.1}{\376\377\000A\000b\000s\000t\000r\000a\000c\000t}{}% 1
\BOOKMARK [0][-]{section*.3}{\376\377\000A\000c\000k\000n\000o\000w\000l\000e\000d\000g\000e\000m\000e\000n\000t\000s}{}% 2
\BOOKMARK [0][-]{chapter*.5}{\376\377\000L\000i\000s\000t\000\040\000o\000f\000\040\000A\000b\000b\000r\000e\000v\000i\000a\000t\000i\000o\000n\000s}{}% 3
\BOOKMARK [0][-]{chapter*.6}{\376\377\000L\000i\000s\000t\000\040\000o\000f\000\040\000S\000y\000m\000b\000o\000l\000s}{}% 4
\BOOKMARK [0][-]{chapter*.7}{\376\377\000O\000v\000e\000r\000v\000i\000e\000w}{}% 5
\BOOKMARK [1][-]{section*.8}{\376\377\000M\000a\000i\000n\000\040\000S\000e\000c\000t\000i\000o\000n\000\040\0001}{chapter*.7}% 6
\BOOKMARK [1][-]{section.0.1}{\376\377\000M\000a\000t\000e\000r\000i\000a\000l\000s}{chapter*.7}% 7
\BOOKMARK [0][-]{chapter.1}{\376\377\000B\000i\000l\000l\000i\000a\000r\000d\000s\000\040\000a\000n\000d\000\040\000q\000u\000a\000n\000t\000u\000m\000\040\000c\000h\000a\000o\000s}{}% 8
\BOOKMARK [1][-]{section.1.1}{\376\377\000I\000n\000t\000r\000o\000d\000u\000c\000t\000i\000o\000n}{chapter.1}% 9
\BOOKMARK [2][-]{subsection.1.1.1}{\376\377\000E\000x\000a\000m\000p\000l\000e\000s}{section.1.1}% 10
\BOOKMARK [1][-]{section.1.2}{\376\377\000F\000r\000o\000m\000\040\000c\000l\000a\000s\000s\000i\000c\000a\000l\000\040\000t\000o\000\040\000q\000u\000a\000n\000t\000u\000m\000\040\000b\000i\000l\000l\000i\000a\000r\000d\000s}{chapter.1}% 11
\BOOKMARK [2][-]{subsection.1.2.1}{\376\377\000U\000n\000i\000q\000u\000e\000\040\000e\000r\000g\000o\000d\000i\000c\000i\000t\000y}{section.1.2}% 12
\BOOKMARK [2][-]{subsection.1.2.2}{\376\377\000Q\000u\000a\000n\000t\000u\000m\000\040\000r\000e\000g\000i\000m\000e}{section.1.2}% 13
\BOOKMARK [2][-]{subsection.1.2.3}{\376\377\000S\000o\000m\000e\000\040\000i\000n\000s\000i\000g\000h\000t\000s\000\040\000a\000b\000o\000u\000t\000\040\000Q\000U\000E}{section.1.2}% 14
\BOOKMARK [1][-]{section.1.3}{\376\377\000T\000h\000e\000\040\000c\000l\000a\000s\000s\000i\000c\000-\000q\000u\000a\000n\000t\000u\000m\000\040\000c\000o\000r\000r\000e\000s\000p\000o\000n\000d\000e\000n\000c\000e}{chapter.1}% 15
\BOOKMARK [0][-]{chapter.2}{\376\377\000H\000y\000p\000e\000r\000b\000o\000l\000i\000c\000\040\000g\000e\000o\000m\000e\000t\000r\000y}{}% 16
\BOOKMARK [1][-]{section.2.1}{\376\377\000I\000w\000a\000s\000a\000w\000a\000\040\000d\000e\000c\000o\000m\000p\000o\000s\000i\000t\000i\000o\000n}{chapter.2}% 17
\BOOKMARK [1][-]{section.2.2}{\376\377\000H\000y\000p\000e\000r\000b\000o\000l\000i\000c\000\040\000m\000o\000d\000e\000l\000s\000:\000\040\000u\000p\000p\000e\000r\000-\000h\000a\000l\000f\000\040\000p\000l\000a\000n\000e\000\040\000a\000n\000d\000\040\000d\000i\000s\000k}{chapter.2}% 18
\BOOKMARK [2][-]{subsection.2.2.1}{\376\377\000H\000y\000p\000e\000r\000b\000o\000l\000i\000c\000\040\000p\000l\000a\000n\000e}{section.2.2}% 19
\BOOKMARK [2][-]{subsection.2.2.2}{\376\377\000H\000y\000p\000e\000r\000b\000o\000l\000i\000c\000\040\000i\000s\000o\000m\000e\000t\000r\000i\000e\000s}{section.2.2}% 20
\BOOKMARK [2][-]{subsection.2.2.3}{\376\377\000H\000y\000p\000e\000r\000b\000o\000l\000i\000c\000\040\000s\000u\000r\000f\000a\000c\000e\000s\000\040\000a\000n\000d\000\040\000f\000u\000c\000h\000s\000i\000a\000n\000\040\000g\000r\000o\000u\000p\000s}{section.2.2}% 21
\BOOKMARK [1][-]{section.2.3}{\376\377\000H\000y\000p\000e\000r\000b\000o\000l\000i\000c\000\040\000d\000y\000n\000a\000m\000i\000c\000s}{chapter.2}% 22
\BOOKMARK [2][-]{subsection.2.3.1}{\376\377\000G\000e\000o\000d\000e\000s\000i\000c\000\040\000f\000l\000o\000w}{section.2.3}% 23
\BOOKMARK [2][-]{subsection.2.3.2}{\376\377\000M\000i\000x\000i\000n\000g\000\040\000f\000l\000o\000w\000\040\000o\000n\000\040\000h\000y\000p\000e\000r\000b\000o\000l\000i\000c\000\040\000p\000l\000a\000n\000e}{section.2.3}% 24
\BOOKMARK [2][-]{subsection.2.3.3}{\376\377\000E\000x\000a\000m\000p\000l\000e\000s}{section.2.3}% 25
\BOOKMARK [1][-]{section.2.4}{\376\377\000S\000p\000e\000c\000t\000r\000a\000\040\000o\000f\000\040\000m\000o\000d\000u\000l\000a\000r\000\040\000s\000u\000r\000f\000a\000c\000e\000s}{chapter.2}% 26
\BOOKMARK [0][-]{chapter.3}{\376\377\000S\000e\000m\000i\000c\000l\000a\000s\000s\000i\000c\000a\000l\000\040\000a\000n\000a\000l\000y\000s\000i\000s}{}% 27
\BOOKMARK [1][-]{section.3.1}{\376\377\000S\000e\000m\000i\000c\000l\000a\000s\000s\000i\000c\000a\000l\000\040\000Q\000u\000a\000n\000t\000i\000z\000a\000z\000i\000o\000n}{chapter.3}% 28
\BOOKMARK [2][-]{subsection.3.1.1}{\376\377\000S\000e\000m\000i\000c\000l\000a\000s\000s\000i\000c\000a\000l\000\040\000F\000o\000u\000r\000i\000e\000r\000\040\000t\000r\000a\000n\000s\000f\000o\000r\000m}{section.3.1}% 29
\BOOKMARK [2][-]{subsection.3.1.2}{\376\377\000H\000o\000w\000\040\000t\000o\000\040\000q\000u\000a\000n\000t\000i\000z\000e}{section.3.1}% 30
\BOOKMARK [2][-]{subsection.3.1.3}{\376\377\000S\000e\000m\000i\000c\000l\000a\000s\000s\000i\000c\000a\000l\000\040\000P\000s\000e\000u\000d\000o\000d\000i\000f\000f\000e\000r\000e\000n\000t\000i\000a\000l\000\040\000O\000p\000e\000r\000a\000t\000o\000r\000s}{section.3.1}% 31
\BOOKMARK [2][-]{subsection.3.1.4}{\376\377\000S\000y\000m\000b\000o\000l\000\040\000C\000l\000a\000s\000s\000e\000s}{section.3.1}% 32
\BOOKMARK [1][-]{section.3.2}{\376\377\000T\000w\000o\000\040\000m\000a\000i\000n\000\040\000r\000e\000s\000u\000l\000t\000s\000:\000\040\000W\000e\000y\000l\000\040\000l\000a\000w\000\040\000a\000n\000d\000\040\000E\000g\000o\000r\000o\000v\000'\000s\000\040\000T\000h\000e\000o\000r\000e\000m}{chapter.3}% 33
\BOOKMARK [2][-]{subsection.3.2.1}{\376\377\000W\000e\000y\000l\000\040\000L\000a\000w\000\040\000i\000n\000\040\000E\000u\000c\000l\000i\000d\000i\000a\000n\000\040\000s\000p\000a\000c\000e}{section.3.2}% 34
\BOOKMARK [2][-]{subsection.3.2.2}{\376\377\000`\0003\003\001\0009\000`\0004\0002\000`\000"\003\007\0006\0001\0003\000A\000`\000`\0004\0005\000`\0004\0007\000`\000"\0006\0000\0003\000A\000D\000O\000\040\000o\000n\000\040\000M\000a\000n\000i\000f\000o\000l\000d\000s}{section.3.2}% 35
\BOOKMARK [2][-]{subsection.3.2.3}{\376\377\000C\000o\000n\000n\000e\000c\000t\000i\000o\000n\000\040\000b\000e\000t\000w\000e\000e\000n\000\040\000c\000l\000a\000s\000s\000i\000c\000a\000l\000\040\000a\000n\000d\000\040\000q\000u\000a\000n\000t\000u\000m\000\040\000d\000y\000n\000a\000m\000i\000c\000s\000:\000\040\000E\000g\000o\000r\000o\000v\000'\000s\000\040\000T\000h\000e\000o\000r\000e\000m}{section.3.2}% 36
\BOOKMARK [0][-]{chapter.4}{\376\377\000Q\000u\000a\000n\000t\000u\000m\000\040\000e\000r\000g\000o\000d\000i\000c\000i\000t\000y}{}% 37
\BOOKMARK [1][-]{section.4.1}{\376\377\000Q\000u\000a\000n\000t\000u\000m\000\040\000e\000r\000g\000o\000d\000i\000c\000i\000t\000y}{chapter.4}% 38
\BOOKMARK [1][-]{section.4.2}{\376\377\000Q\000u\000a\000n\000t\000u\000m\000\040\000u\000n\000i\000q\000u\000e\000\040\000e\000r\000g\000o\000d\000i\000c\000i\000t\000y}{chapter.4}% 39
\BOOKMARK [1][-]{section.4.3}{\376\377\000H\000a\000s\000s\000e\000l\000l\000\040\000d\000i\000s\000p\000r\000o\000o\000f\000\040\000o\000f\000\040\000Q\000U\000E}{chapter.4}% 40
\BOOKMARK [0][-]{chapter.5}{\376\377\000S\000e\000l\000d\000b\000e\000r\000g\000\040\000t\000r\000a\000c\000e\000\040\000f\000o\000r\000m\000u\000l\000a}{}% 41
\BOOKMARK [1][-]{section.5.1}{\376\377\000T\000r\000a\000c\000e\000\040\000f\000o\000r\000m\000u\000l\000a\000\040\000o\000n\000\040\000S\0001}{chapter.5}% 42
\BOOKMARK [1][-]{section.5.2}{\376\377\000L\000a\000p\000l\000a\000c\000i\000a\000n\000\040\000o\000p\000e\000r\000a\000t\000o\000r}{chapter.5}% 43
\BOOKMARK [2][-]{subsection.5.2.1}{\376\377\000A\000\040\000b\000r\000i\000e\000f\000\040\000j\000o\000u\000r\000n\000e\000y\000\040\000a\000c\000r\000o\000s\000s\000\040\000h\000a\000r\000m\000o\000n\000i\000c\000\040\000a\000n\000a\000l\000y\000s\000i\000s\000\040\000o\000n\000\040\000t\000h\000e\000\040\000h\000y\000p\000e\000r\000b\000o\000l\000i\000c\000\040\000p\000l\000a\000n\000e}{section.5.2}% 44
\BOOKMARK [1][-]{section.5.3}{\376\377\000P\000e\000r\000i\000o\000d\000i\000c\000\040\000g\000e\000o\000d\000e\000s\000i\000c\000s}{chapter.5}% 45
\BOOKMARK [1][-]{section.5.4}{\376\377\000P\000r\000e\000t\000r\000a\000c\000e\000\040\000f\000o\000r\000m\000u\000l\000a}{chapter.5}% 46
\BOOKMARK [2][-]{subsection.5.4.1}{\376\377\000H\000y\000p\000e\000r\000b\000o\000l\000i\000c\000\040\000t\000e\000r\000m\000s}{section.5.4}% 47
\BOOKMARK [1][-]{section.5.5}{\376\377\000A\000n\000\040\000a\000p\000p\000l\000i\000c\000a\000t\000i\000o\000n\000:\000\040\000W\000e\000y\000l\000'\000s\000\040\000l\000a\000w}{chapter.5}% 48
\BOOKMARK [1][-]{section.5.6}{\376\377\000T\000h\000e\000\040\000c\000a\000s\000e\000\040\000o\000f\000\040\000`\0003\003\001\0009\000`\0004\0002\000`\000"\003\007\0006\0001\0003\000A\000`\000`\0004\0005\000`\0004\0007\000`\000"\0006\0000\0003\000A\000P\000S\000L\0002\000Z}{chapter.5}% 49
\BOOKMARK [0][-]{chapter.6}{\376\377\000A\000r\000i\000t\000h\000m\000e\000t\000i\000c\000\040\000Q\000u\000a\000n\000t\000u\000m\000\040\000U\000n\000i\000q\000u\000e\000\040\000E\000r\000g\000o\000d\000i\000c\000i\000t\000y}{}% 50
\BOOKMARK [1][-]{section.6.1}{\376\377\000L\000i\000n\000d\000e\000n\000s\000t\000r\000a\000u\000s\000s\000'\000\040\000r\000e\000s\000u\000l\000t}{chapter.6}% 51
\BOOKMARK [2][-]{subsection.6.1.1}{\376\377\000M\000i\000c\000r\000o\000l\000o\000c\000a\000l\000\040\000l\000i\000f\000t\000\040\000r\000e\000v\000i\000s\000e\000d}{section.6.1}% 52
\BOOKMARK [1][-]{section.6.2}{\376\377\000H\000e\000c\000k\000e\000\040\000r\000e\000c\000u\000r\000r\000e\000n\000c\000e}{chapter.6}% 53
\BOOKMARK [2][-]{subsection.6.2.1}{\376\377\000T\000h\000e\000\040\000p\000-\000a\000d\000i\000c\000\040\000e\000x\000t\000e\000n\000s\000i\000o\000n\000\040\000o\000f\000\040\000`\0003\003\001\0009\000`\0004\0002\000`\000"\003\007\0006\0001\0003\000A\000`\000`\0004\0005\000`\0004\0007\000`\000"\0006\0000\0003\000A\000P\000S\000L\0002\000R}{section.6.2}% 54
\BOOKMARK [2][-]{subsection.6.2.2}{\376\377\000H\000e\000c\000k\000e\000\040\000o\000p\000e\000r\000a\000t\000o\000r\000s}{section.6.2}% 55
\BOOKMARK [2][-]{subsection.6.2.3}{\376\377\000H\000e\000c\000k\000e\000\040\000i\000n\000v\000a\000r\000i\000a\000n\000c\000e}{section.6.2}% 56
\BOOKMARK [1][-]{section.6.3}{\376\377\000E\000x\000i\000s\000t\000e\000n\000c\000e}{chapter.6}% 57
\BOOKMARK [0][-]{chapter.7}{\376\377\000F\000r\000o\000n\000t\000i\000e\000r\000s\000\040\000i\000n\000\040\000Q\000u\000a\000n\000t\000u\000m\000\040\000c\000h\000a\000o\000l\000o\000g\000y}{}% 58
\BOOKMARK [1][-]{section.7.1}{\376\377\000N\000u\000m\000e\000r\000i\000c\000a\000l\000\040\000s\000i\000m\000u\000l\000a\000t\000i\000o\000n\000s}{chapter.7}% 59
\BOOKMARK [2][-]{subsection.7.1.1}{\376\377\000N\000u\000m\000e\000r\000i\000c\000a\000l\000\040\000m\000e\000t\000h\000o\000d\000s}{section.7.1}% 60
\BOOKMARK [1][-]{section.7.2}{\376\377\000S\000p\000e\000c\000t\000r\000a\000l\000\040\000s\000t\000a\000t\000i\000s\000t\000i\000c\000s\000\040\000a\000n\000d\000\040\000R\000a\000n\000d\000o\000m\000\040\000M\000a\000t\000r\000i\000x\000\040\000T\000h\000e\000o\000r\000y}{chapter.7}% 61
\BOOKMARK [1][-]{section.7.3}{\376\377\000C\000o\000n\000c\000l\000u\000s\000i\000o\000n}{chapter.7}% 62
\BOOKMARK [2][-]{subsection.7.3.1}{\376\377\000B\000i\000l\000l\000i\000a\000r\000d\000\040\000a\000n\000d\000\040\000s\000p\000e\000c\000t\000r\000a\000l\000\040\000s\000i\000m\000u\000l\000a\000t\000i\000o\000n\000s}{section.7.3}% 63
\BOOKMARK [0][-]{appendix.A}{\376\377\000E\000r\000g\000o\000d\000i\000c\000\040\000n\000o\000t\000i\000o\000n\000s}{}% 64
\BOOKMARK [1][-]{section.A.1}{\376\377\000M\000i\000x\000i\000n\000g}{appendix.A}% 65
\BOOKMARK [0][-]{appendix.B}{\376\377\000F\000o\000u\000r\000i\000e\000r\000\040\000t\000r\000a\000n\000s\000f\000o\000r\000m}{}% 66
\BOOKMARK [1][-]{section.B.1}{\376\377\000B\000a\000s\000i\000c\000\040\000n\000o\000t\000i\000o\000n\000s}{appendix.B}% 67
\BOOKMARK [1][-]{section.B.2}{\376\377\000D\000i\000s\000t\000r\000i\000b\000u\000t\000i\000o\000n\000s}{appendix.B}% 68
\BOOKMARK [0][-]{appendix.C}{\376\377\000F\000l\000o\000w\000s\000\040\000a\000n\000d\000\040\000i\000n\000t\000e\000g\000r\000a\000b\000l\000e\000\040\000s\000y\000s\000t\000e\000m\000s}{}% 69
\BOOKMARK [1][-]{section.C.1}{\376\377\000E\000r\000g\000o\000d\000i\000c\000\040\000n\000o\000t\000i\000o\000n\000s}{appendix.C}% 70
\BOOKMARK [1][-]{section.C.2}{\376\377\000P\000y\000t\000h\000o\000n\000\040\000c\000o\000d\000e\000s}{appendix.C}% 71
\BOOKMARK [2][-]{subsection.C.2.1}{\376\377\000B\000i\000l\000l\000i\000a\000r\000d\000s}{section.C.2}% 72
\BOOKMARK [2][-]{subsection.C.2.2}{\376\377\000Q\000u\000a\000n\000t\000u\000m\000\040\000e\000i\000g\000e\000n\000f\000u\000n\000c\000t\000i\000o\000n\000s}{section.C.2}% 73
\BOOKMARK [1][-]{section.C.3}{\376\377\000F\000r\000e\000e\000F\000e\000m\000+\000+}{appendix.C}% 74
\BOOKMARK [0][-]{appendix*.33}{\376\377\000L\000i\000s\000t\000\040\000o\000f\000\040\000F\000i\000g\000u\000r\000e\000s}{}% 75
\BOOKMARK [0][-]{appendix*.34}{\376\377\000B\000i\000b\000l\000i\000o\000g\000r\000a\000p\000h\000y}{}% 76
